


ARM Macro Assembler    Page 1 


    1 00000000         ; Your First Macro.
    2 00000000                 MACRO
    3 00000000         
    4 00000000         $Count1s_a
                               Count1s_Lab08    $result, $input2, $input1
    5 00000000         $Count1s_a
    6 00000000         
    7 00000000         $Count1s_a.loop
    8 00000000                 CMP              $input1, #0
    9 00000000                 BEQ              $Count1s_a.stop
   10 00000000         
   11 00000000                 CLZ              $input2, $input1
   12 00000000                 ADD              $input2, #1 ;number of leading 
                                                            zeros + 1
   13 00000000                 ADD              $result, #1 ;adds loop iteratio
                                                            n counter to soluti
                                                            on
   14 00000000                 LSL              $input1, $input2 ;shifts R0
   15 00000000         
   16 00000000                 BNE              $Count1s_a.loop
   17 00000000         
   18 00000000         $Count1s_a.stop
   19 00000000         
   20 00000000                 MEND
   21 00000000         
   22 00000000         ; Your Second macro.
   23 00000000                 MACRO
   24 00000000         
   25 00000000         $Count1s_b
                               Count1s_Lab10    $result, $input1
   26 00000000         $Count1s_b
   27 00000000         
   28 00000000         $Count1s_b.loop
   29 00000000                 LSRS             $input1, #1
   30 00000000                 ADC              $result, #0
   31 00000000                 BNE              $Count1s_b.loop
   32 00000000         
   33 00000000                 MEND
   34 00000000         
   35 00000000         
   36 00000000         
   37 00000000                 AREA             Lab_11_Tyler_Hu, CODE, READONLY
   38 00000000                 EXPORT           __main
   39 00000000         __main
   40 00000000         
   41 00000000 491B            LDR              R1, =0x2345ABCD
   42 00000002 4A1B            LDR              R2, =0x2345ABCD
   43 00000004         Case_1_Lab_08
                               Count1s_Lab08    R4, R3, R1
    5 00000004         Case_1_Lab_08
    6 00000004         
    7 00000004         Case_1_Lab_08loop
    8 00000004 2900            CMP              R1, #0
    9 00000006 D008            BEQ              Case_1_Lab_08stop
   10 00000008         
   11 00000008 FAB1 F381       CLZ              R3, R1
   12 0000000C F103 0301       ADD              R3, #1      ;number of leading 
                                                            zeros + 1
   13 00000010 F104 0401       ADD              R4, #1      ;adds loop iteratio



ARM Macro Assembler    Page 2 


                                                            n counter to soluti
                                                            on
   14 00000014 FA01 F103       LSL              R1, R3      ;shifts R0
   15 00000018         
   16 00000018 D1F4            BNE              Case_1_Lab_08loop
   17 0000001A         
   18 0000001A         Case_1_Lab_08stop
   19 0000001A         
   44 0000001A         Case_1_Lab_10
                               Count1s_Lab10    R5, R2
   26 0000001A         Case_1_Lab_10
   27 0000001A         
   28 0000001A         Case_1_Lab_10loop
   29 0000001A 0852            LSRS             R2, #1
   30 0000001C F145 0500       ADC              R5, #0
   31 00000020 D1FB            BNE              Case_1_Lab_10loop
   32 00000022         
   45 00000022         
   46 00000022 F04F 0100       LDR              R1, =0x0
   47 00000026 F04F 0200       LDR              R2, =0x0
   48 0000002A         Case_2_Lab_08
                               Count1s_Lab08    R6, R3, R1
    5 0000002A         Case_2_Lab_08
    6 0000002A         
    7 0000002A         Case_2_Lab_08loop
    8 0000002A 2900            CMP              R1, #0
    9 0000002C D008            BEQ              Case_2_Lab_08stop
   10 0000002E         
   11 0000002E FAB1 F381       CLZ              R3, R1
   12 00000032 F103 0301       ADD              R3, #1      ;number of leading 
                                                            zeros + 1
   13 00000036 F106 0601       ADD              R6, #1      ;adds loop iteratio
                                                            n counter to soluti
                                                            on
   14 0000003A FA01 F103       LSL              R1, R3      ;shifts R0
   15 0000003E         
   16 0000003E D1F4            BNE              Case_2_Lab_08loop
   17 00000040         
   18 00000040         Case_2_Lab_08stop
   19 00000040         
   49 00000040         Case_2_Lab_10
                               Count1s_Lab10    R7, R2
   26 00000040         Case_2_Lab_10
   27 00000040         
   28 00000040         Case_2_Lab_10loop
   29 00000040 0852            LSRS             R2, #1
   30 00000042 F147 0700       ADC              R7, #0
   31 00000046 D1FB            BNE              Case_2_Lab_10loop
   32 00000048         
   50 00000048         
   51 00000048 F04F 31FF       LDR              R1, =0xFFFFFFFF
   52 0000004C F04F 32FF       LDR              R2, =0xFFFFFFFF
   53 00000050         Case_3_Lab_08
                               Count1s_Lab08    R8, R3, R1
    5 00000050         Case_3_Lab_08
    6 00000050         
    7 00000050         Case_3_Lab_08loop
    8 00000050 2900            CMP              R1, #0
    9 00000052 D008            BEQ              Case_3_Lab_08stop



ARM Macro Assembler    Page 3 


   10 00000054         
   11 00000054 FAB1 F381       CLZ              R3, R1
   12 00000058 F103 0301       ADD              R3, #1      ;number of leading 
                                                            zeros + 1
   13 0000005C F108 0801       ADD              R8, #1      ;adds loop iteratio
                                                            n counter to soluti
                                                            on
   14 00000060 FA01 F103       LSL              R1, R3      ;shifts R0
   15 00000064         
   16 00000064 D1F4            BNE              Case_3_Lab_08loop
   17 00000066         
   18 00000066         Case_3_Lab_08stop
   19 00000066         
   54 00000066         Case_3_Lab_10
                               Count1s_Lab10    R9, R2
   26 00000066         Case_3_Lab_10
   27 00000066         
   28 00000066         Case_3_Lab_10loop
   29 00000066 0852            LSRS             R2, #1
   30 00000068 F149 0900       ADC              R9, #0
   31 0000006C D1FB            BNE              Case_3_Lab_10loop
   32 0000006E         
   55 0000006E         
   56 0000006E E7FE    stop    B                stop
   57 00000070         
   58 00000070                 END
              2345ABCD 
Command Line: --debug --xref --diag_suppress=9931 --cpu=Cortex-M3 --apcs=interw
ork --depend=.\objects\assembly.d -o.\objects\assembly.o -I.\RTE\_Target_1 -IC:
\Users\Tyler\AppData\Local\Arm\Packs\ARM\CMSIS\5.6.0\CMSIS\Core\Include -IC:\Us
ers\Tyler\AppData\Local\Arm\Packs\ARM\CMSIS\5.6.0\Device\ARM\ARMCM3\Include --p
redefine="__EVAL SETA 1" --predefine="__UVISION_VERSION SETA 529" --predefine="
_RTE_ SETA 1" --predefine="ARMCM3 SETA 1" --list=.\listings\assembly.lst Assemb
ly.s



ARM Macro Assembler    Page 1 Alphabetic symbol ordering
Relocatable symbols

Case_1_Lab_08 00000004

Symbol: Case_1_Lab_08
   Definitions
      At line 5 in macro Count1s_Lab08
      at line 43 in file Assembly.s
   Uses
      None
Comment: Case_1_Lab_08 unused
Case_1_Lab_08loop 00000004

Symbol: Case_1_Lab_08loop
   Definitions
      At line 7 in macro Count1s_Lab08
      at line 43 in file Assembly.s
   Uses
      At line 16 in macro Count1s_Lab08
      at line 43 in file Assembly.s
Comment: Case_1_Lab_08loop used once
Case_1_Lab_08stop 0000001A

Symbol: Case_1_Lab_08stop
   Definitions
      At line 18 in macro Count1s_Lab08
      at line 43 in file Assembly.s
   Uses
      At line 9 in macro Count1s_Lab08
      at line 43 in file Assembly.s
Comment: Case_1_Lab_08stop used once
Case_1_Lab_10 0000001A

Symbol: Case_1_Lab_10
   Definitions
      At line 26 in macro Count1s_Lab10
      at line 44 in file Assembly.s
   Uses
      None
Comment: Case_1_Lab_10 unused
Case_1_Lab_10loop 0000001A

Symbol: Case_1_Lab_10loop
   Definitions
      At line 28 in macro Count1s_Lab10
      at line 44 in file Assembly.s
   Uses
      At line 31 in macro Count1s_Lab10
      at line 44 in file Assembly.s
Comment: Case_1_Lab_10loop used once
Case_2_Lab_08 0000002A

Symbol: Case_2_Lab_08
   Definitions
      At line 5 in macro Count1s_Lab08
      at line 48 in file Assembly.s
   Uses
      None
Comment: Case_2_Lab_08 unused
Case_2_Lab_08loop 0000002A




ARM Macro Assembler    Page 2 Alphabetic symbol ordering
Relocatable symbols

Symbol: Case_2_Lab_08loop
   Definitions
      At line 7 in macro Count1s_Lab08
      at line 48 in file Assembly.s
   Uses
      At line 16 in macro Count1s_Lab08
      at line 48 in file Assembly.s
Comment: Case_2_Lab_08loop used once
Case_2_Lab_08stop 00000040

Symbol: Case_2_Lab_08stop
   Definitions
      At line 18 in macro Count1s_Lab08
      at line 48 in file Assembly.s
   Uses
      At line 9 in macro Count1s_Lab08
      at line 48 in file Assembly.s
Comment: Case_2_Lab_08stop used once
Case_2_Lab_10 00000040

Symbol: Case_2_Lab_10
   Definitions
      At line 26 in macro Count1s_Lab10
      at line 49 in file Assembly.s
   Uses
      None
Comment: Case_2_Lab_10 unused
Case_2_Lab_10loop 00000040

Symbol: Case_2_Lab_10loop
   Definitions
      At line 28 in macro Count1s_Lab10
      at line 49 in file Assembly.s
   Uses
      At line 31 in macro Count1s_Lab10
      at line 49 in file Assembly.s
Comment: Case_2_Lab_10loop used once
Case_3_Lab_08 00000050

Symbol: Case_3_Lab_08
   Definitions
      At line 5 in macro Count1s_Lab08
      at line 53 in file Assembly.s
   Uses
      None
Comment: Case_3_Lab_08 unused
Case_3_Lab_08loop 00000050

Symbol: Case_3_Lab_08loop
   Definitions
      At line 7 in macro Count1s_Lab08
      at line 53 in file Assembly.s
   Uses
      At line 16 in macro Count1s_Lab08
      at line 53 in file Assembly.s
Comment: Case_3_Lab_08loop used once
Case_3_Lab_08stop 00000066

Symbol: Case_3_Lab_08stop



ARM Macro Assembler    Page 3 Alphabetic symbol ordering
Relocatable symbols

   Definitions
      At line 18 in macro Count1s_Lab08
      at line 53 in file Assembly.s
   Uses
      At line 9 in macro Count1s_Lab08
      at line 53 in file Assembly.s
Comment: Case_3_Lab_08stop used once
Case_3_Lab_10 00000066

Symbol: Case_3_Lab_10
   Definitions
      At line 26 in macro Count1s_Lab10
      at line 54 in file Assembly.s
   Uses
      None
Comment: Case_3_Lab_10 unused
Case_3_Lab_10loop 00000066

Symbol: Case_3_Lab_10loop
   Definitions
      At line 28 in macro Count1s_Lab10
      at line 54 in file Assembly.s
   Uses
      At line 31 in macro Count1s_Lab10
      at line 54 in file Assembly.s
Comment: Case_3_Lab_10loop used once
Lab_11_Tyler_Hu 00000000

Symbol: Lab_11_Tyler_Hu
   Definitions
      At line 37 in file Assembly.s
   Uses
      None
Comment: Lab_11_Tyler_Hu unused
__main 00000000

Symbol: __main
   Definitions
      At line 39 in file Assembly.s
   Uses
      At line 38 in file Assembly.s
Comment: __main used once
stop 0000006E

Symbol: stop
   Definitions
      At line 56 in file Assembly.s
   Uses
      At line 56 in file Assembly.s
Comment: stop used once
18 symbols
354 symbols in table
